
C:\CVS\XIA\XIA2\Wrappers\EMBL\Doc\Best>best -f q210-2x -i2s 3.000000 -t 1.000000 -C 0.990000 -R 2.000000 -r 1.980000 -e none -M 0.100000 -T 600.000000 -w 0.100000 -S 100.000000 -dna best.stf -mos bestfile.dat bestfile.par image_1.hkl image_2.hkl 
 Program Best /A.Popov & G.Bourenkov/
 Version 3.1.0.d //  26.04.2007
 Copyright 2004-05 by Alexander Popov and Gleb Bourenkov
<B><FONT COLOR="#FF0000"><!--SUMMARY_BEGIN-->

                 Optimal Plan of data collection  
                 ================================ 
       Resolution limit is set by the initial image resolution               

           Attenuation = 0.4957
------------------------------------------------------------------
 N| Phi_start| N.of.images| Rot.width| Exposure|Distance| Overlap|
-------------------------------------------------------------------
 1   118.00        38          2.25        0.10   201.9       No 
-------------------------------------------------------------------

 Resolution limit            : 1.98 Angstrom
 Anomalous data              : No
 Phi_start - Phi_finish      : 118.00 - 203.50
 Total rotation range        : 85.50 degree
 Total N.of images           : 38
 Overal Completeness         : 99.1%
 Redundancy                  : 3.45
 R-factor (outer shell)      : 13.1% (  45.3%)
 I/Sigma (outer shell)       : 9.5 (   2.7)
 Total Exposure time         : 3.8 sec (0.001 hour)
 Total Data Collection time  : 98.8 sec (0.027 hour)
<!--SUMMARY_END--></FONT></B>

           Data collection statistics according to the plan
           ================================================
-----------------------------------------------------------------
 Resolution  Compl.       Average     I/Sigma   R-fact  Overload
Lower Upper     %   Intensity  Sigma               %        %
-----------------------------------------------------------------
12.00  7.71    92.1     704.8    17.9   39.4     2.9     0.00
 7.71  6.12    95.3     392.5    15.6   25.1     4.7     0.00
 6.12  5.22    94.8     419.1    17.6   23.8     5.0     0.00
 5.22  4.64    97.1     652.4    23.0   28.4     4.2     0.00
 4.64  4.21    99.0     791.1    26.3   30.1     4.0     0.00
 4.21  3.88    96.0     738.9    27.0   27.4     4.4     0.00
 3.88  3.62    96.5     660.3    27.3   24.2     5.0     0.00
 3.62  3.41    97.3     573.9    27.3   21.0     5.8     0.00
 3.41  3.23    98.1     473.7    27.0   17.6     7.0     0.00
 3.23  3.07    98.2     381.0    26.6   14.3     8.6     0.00
 3.07  2.94    98.8     317.1    26.3   12.1    10.4     0.00
 2.94  2.82   100.0     265.2    26.5   10.0    12.5     0.00
 2.82  2.72   100.0     228.8    27.2    8.4    14.7     0.00
 2.72  2.62   100.0     206.0    27.6    7.5    16.7     0.00
 2.62  2.54    99.2     190.1    28.2    6.8    18.5     0.00
 2.54  2.46    99.5     176.5    28.3    6.2    20.3     0.00
 2.46  2.39   100.0     166.3    29.7    5.6    22.2     0.00
 2.39  2.32   100.0     160.4    30.2    5.3    23.4     0.00
 2.32  2.26    99.8     154.6    30.7    5.0    25.0     0.00
 2.26  2.21   100.0     149.2    31.9    4.7    26.6     0.00
 2.21  2.16   100.0     140.7    32.5    4.3    28.9     0.00
 2.16  2.11   100.0     131.5    33.0    4.0    31.7     0.00
 2.11  2.06   100.0     122.8    33.6    3.7    34.1     0.00
 2.06  2.02   100.0     111.0    34.7    3.2    38.7     0.00
 2.02  1.98   100.0      99.8    35.5    2.8    43.7     0.00
  All data     99.1     275.3    28.9    9.5    13.1     0.00
-----------------------------------------------------------------
R-fact = SUM (ABS(I - <I>)) / SUM (I)                              


                  Additional information
                 =======================
Fraction of unique reflections in blind region:   0.0%

Scaling
 Relative scale       :   3.14
 Overall B-factor     :   7.00 Angstrom^2
 B-factor eigenvalues :   4.75   8.14  10.51 Angstrom^2
 Scaling error        :  10% at the resolution limit

             Resolution vs. measurement time/dose 
             ====================================
    (Max.resolution is restricted by the initial image resolution)
Parameters used for calculations:
 Target Ratio I/Sigma = 3.0
 Phi_start = 118.00 degree  Phi_finish = 203.50 degree
 Overall Completeness =  99.05% and  Redundancy =  3.45

 ------------------------------------------------------------------
 Resolution |Compl.|Redund|DataCol_Time |Exposure_Time|Attenuation|
  [Angst.]  |  %   |      |   h:  min   |   h:   min  |           |
------------|------|------|-------------|-------------|-----------|
12.00  7.71 |  92.1| 3.32 |   0: 1.65   |   0: 0.06   |  0.2E-01  |
 7.71  6.12 |  95.3| 3.36 |   0: 1.65   |   0: 0.06   |  0.4E-01  |
 6.12  5.22 |  94.8| 3.43 |   0: 1.65   |   0: 0.06   |  0.4E-01  |
 5.22  4.64 |  97.1| 3.45 |   0: 1.65   |   0: 0.06   |  0.3E-01  |
 4.64  4.21 |  99.0| 3.50 |   0: 1.65   |   0: 0.06   |  0.3E-01  |
 4.21  3.88 |  96.0| 3.50 |   0: 1.65   |   0: 0.06   |  0.3E-01  |
 3.88  3.62 |  96.5| 3.54 |   0: 1.65   |   0: 0.06   |  0.4E-01  |
 3.62  3.41 |  97.3| 3.44 |   0: 1.65   |   0: 0.06   |  0.5E-01  |
 3.41  3.23 |  98.1| 3.50 |   0: 1.65   |   0: 0.06   |  0.7E-01  |
 3.23  3.07 |  98.2| 3.46 |   0: 1.65   |   0: 0.06   |  0.8E-01  |
 3.07  2.94 |  98.8| 3.54 |   0: 1.65   |   0: 0.06   |  0.1E+00  |
 2.94  2.82 | 100.0| 3.54 |   0: 1.65   |   0: 0.06   |  0.1E+00  |
 2.82  2.72 | 100.0| 3.42 |   0: 1.65   |   0: 0.06   |  0.2E+00  |
 2.72  2.62 | 100.0| 3.42 |   0: 1.65   |   0: 0.06   |  0.2E+00  |
 2.62  2.54 |  99.2| 3.42 |   0: 1.65   |   0: 0.06   |  0.2E+00  |
 2.54  2.46 |  99.5| 3.44 |   0: 1.65   |   0: 0.06   |  0.2E+00  |
 2.46  2.39 | 100.0| 3.45 |   0: 1.65   |   0: 0.06   |  0.2E+00  |
 2.39  2.32 | 100.0| 3.43 |   0: 1.65   |   0: 0.06   |  0.3E+00  |
 2.32  2.26 |  99.8| 3.47 |   0: 1.65   |   0: 0.06   |  0.3E+00  |
 2.26  2.21 | 100.0| 3.45 |   0: 1.65   |   0: 0.06   |  0.3E+00  |
 2.21  2.16 | 100.0| 3.36 |   0: 1.65   |   0: 0.06   |  0.3E+00  |
 2.16  2.11 | 100.0| 3.44 |   0: 1.65   |   0: 0.06   |  0.3E+00  |
 2.11  2.06 | 100.0| 3.47 |   0: 1.65   |   0: 0.06   |  0.4E+00  |
 2.06  2.02 | 100.0| 3.39 |   0: 1.65   |   0: 0.06   |  0.4E+00  |
 2.02  1.98 | 100.0| 3.49 |   0: 1.65   |   0: 0.06   |  0.5E+00  |
 ------------------------------------------------------------------


                         INPUT
                         =====
Initial images
 Detector                         : q210-2x
 Wavelength                       : 0.934 Angstrom
 Exposure time                    : 1.00 sec
 Read-outs                        : 1
 Resolution limit                 : 1.98 Angstrom
 Input from                       : MOSFLM

Radiation damage parameters
 not given

Task parameters
 Task                             : Optimize data collection
 Target Ratio I/Sigma             : 3.0
 Optimization option              : dose is minimal
 Anisotropy correction level      : none
 Total rotation range selection   : according to given redundancy
 Anomalous data                   : No
 Target Completeness              : 0.990
 Target redundancy                : 2.00
 Maximum total exposure time      : 600.0 sec
 Given Resolution limit           : 0.10 Angstrom

Hardware limitations
 Minimum rotation range per frame : 0.10 degree
 Maximum scan speed               : 100.000 degree/sec
 Minimum exposure time per frame  : 0.100 sec

Crystal
 Space Group                      : P 2 2 2   
 Cell                             :  54.80  59.07  66.98  90.00  90.00  90.00
 Mosaicity                        : 0.64 degree
