
C:\CVS\XIA\XIA2\Wrappers\EMBL\Doc\Best_2_sweep>best -f q315-2x -i2s 3.0 -t 1.0 -C 0.99 -R 2.0 -mos bestfile.dat bestfile.par bestfile_001.hkl bestfile_002.hkl 
 Program Best /A.Popov & G.Bourenkov/
 Version 3.1.0.d //  26.04.2007
 Copyright 2004-05 by Alexander Popov and Gleb Bourenkov
<B><FONT COLOR="#FF0000"><!--SUMMARY_BEGIN-->

                 Optimal Plan of data collection  
                 ================================ 
       Resolution limit is set by the detector dinamical randge              

           Attenuation = 1.0000
------------------------------------------------------------------
 N| Phi_start| N.of.images| Rot.width| Exposure|Distance| Overlap|
-------------------------------------------------------------------
 1   171.00       150          0.10       15.57   269.4       No 
 2   186.00       100          0.10        8.35   269.4       No 
 3   196.00       100          0.10        4.51   269.4       No 
 4   206.00        67          0.15        3.63   269.4       No 
 5   216.05       100          0.15        1.80   269.4       No 
 6   231.05       200          0.15        0.91   269.4       No 
 7   261.05       133          0.15        0.93   269.4       No 
 8   281.00        67          0.15        1.55   269.4       No 
 9   291.05        67          0.15        2.84   269.4       No 
10   301.10        66          0.15        6.24   269.4       No 
11   311.00        67          0.15       13.96   269.4       No 
12   321.05        99          0.15       28.55   269.4       No 
13   335.90       201          0.10       22.56   269.4       No 
14   356.00       100          0.10       14.22   269.4       No 
15   366.00       100          0.10        8.35   269.4       No 
16   376.00       100          0.10        4.51   269.4       No 
17   386.00        67          0.15        3.63   269.4       No 
18   396.05       100          0.15        1.80   269.4       No 
19   411.05       200          0.15        0.91   269.4       No 
20   441.05       133          0.15        0.93   269.4       No 
21   461.00        67          0.15        1.55   269.4       No 
22   471.05        67          0.15        2.84   269.4       No 
23   481.10        66          0.15        6.24   269.4       No 
-------------------------------------------------------------------

 Resolution limit            : 2.06 Angstrom
 Anomalous data              : No
 Phi_start - Phi_finish      : 171.00 - 491.00
 Total rotation range        : 320.00 degree
 Total N.of images           : 2417
 Overal Completeness         : 100.0%
 Redundancy                  : 6.83
 R-factor (outer shell)      : 2.7% (  68.6%)
 I/Sigma (outer shell)       : 84.0 (   3.7)
 Total Exposure time         : 17494.9 sec (4.860 hour)
 Total Data Collection time  : 23537.4 sec (6.538 hour)
<!--SUMMARY_END--></FONT></B>

           Data collection statistics according to the plan
           ================================================
-----------------------------------------------------------------
 Resolution  Compl.       Average     I/Sigma   R-fact  Overload
Lower Upper     %   Intensity  Sigma               %        %
-----------------------------------------------------------------
12.00  7.65   100.0 ********* *******   89.8     2.1    24.58
 7.65  6.06   100.0 4624802.5 50083.8   92.3     2.1     9.00
 6.06  5.17   100.0 3919497.0 41248.0   95.0     2.1     5.72
 5.17  4.59   100.0 4668816.5 47469.8   98.4     2.1     5.78
 4.59  4.16   100.0 4328221.5 42501.0  101.8     2.1     1.77
 4.16  3.84   100.0 3046076.5 28913.7  105.4     2.1     1.08
 3.84  3.58   100.0 2204988.3 20647.3  106.8     2.2     0.45
 3.58  3.37   100.0 1416354.3 13254.4  106.9     2.3     0.13
 3.37  3.19   100.0  944287.1  9325.9  101.3     2.5     0.01
 3.19  3.04   100.0  622039.5  6686.6   93.0     2.8     0.00
 3.04  2.90   100.0  388750.2  4843.1   80.3     3.3     0.00
 2.90  2.79   100.0  263818.8  4000.2   66.0     4.0     0.00
 2.79  2.68   100.0  195561.7  3604.7   54.3     4.9     0.00
 2.68  2.59   100.0  131651.5  3185.1   41.3     6.4     0.00
 2.59  2.51   100.0  100318.8  3122.0   32.1     8.3     0.00
 2.51  2.43   100.0   77202.7  3057.4   25.3    10.6     0.00
 2.43  2.36   100.0   60389.5  3129.0   19.3    13.8     0.00
 2.36  2.30   100.0   45407.1  3113.4   14.6    18.2     0.00
 2.30  2.24   100.0   36858.0  3284.2   11.2    23.7     0.00
 2.24  2.18   100.0   29351.5  3377.9    8.7    30.5     0.00
 2.18  2.13   100.0   22491.4  3479.8    6.5    41.2     0.00
 2.13  2.08   100.0   16495.5  3427.7    4.8    54.9     0.00
 2.08  2.06   100.0   13168.7  3516.5    3.7    68.6     0.00
  All data    100.0  974174.7 11592.6   84.0     2.7     1.19
-----------------------------------------------------------------
R-fact = SUM (ABS(I - <I>)) / SUM (I)                              


                  Additional information
                 =======================
Fraction of unique reflections in blind region:   0.0%

Scaling
 Relative scale       :   1.04
 Overall B-factor     :  54.21 Angstrom^2
 B-factor eigenvalues :  36.59  58.41  91.81 Angstrom^2
 Scaling error        :  12% at the resolution limit

             Resolution vs. measurement time/dose 
             ====================================
(Max.resolution is restricted by the detector dinamical randge)       
Parameters used for calculations:
 Target Ratio I/Sigma = 3.0
 Phi_start = 171.00 degree  Phi_finish = 491.00 degree
 Overall Completeness = 100.00% and  Redundancy =  6.82

 ------------------------------------------------------------------
 Resolution |Compl.|Redund|DataCol_Time |Exposure_Time|Attenuation|
  [Angst.]  |  %   |      |   h:  min   |   h:   min  |           |
------------|------|------|-------------|-------------|-----------|
12.00  7.65 | 100.0| 6.64 |   0: 5.35   |   0: 0.01   |  0.1E+00  |
 7.65  6.06 | 100.0| 6.73 |   0: 5.35   |   0: 0.01   |  0.4E+00  |
 6.06  5.17 | 100.0| 6.87 |   0: 5.35   |   0: 0.01   |  0.4E+00  |
 5.17  4.59 | 100.0| 6.84 |   0: 5.35   |   0: 0.02   |  0.3E+00  |
 4.59  4.16 | 100.0| 7.00 |   0: 5.35   |   0: 0.02   |  0.4E+00  |
 4.16  3.84 | 100.0| 6.91 |   0: 5.35   |   0: 0.02   |  0.7E+00  |
 3.84  3.58 | 100.0| 6.84 |   0: 5.35   |   0: 0.02   |  0.1E+01  |
 3.58  3.37 | 100.0| 6.88 |   0: 5.37   |   0: 0.04   |  0.1E+01  |
 3.37  3.19 | 100.0| 6.89 |   0: 6.24   |   0: 0.07   |  0.1E+01  |
 3.19  3.04 | 100.0| 6.84 |   0: 8.01   |   0: 0.13   |  0.1E+01  |
 3.04  2.90 | 100.0| 6.95 |   0: 9.86   |   0: 0.24   |  0.1E+01  |
 2.90  2.79 | 100.0| 6.79 |   0:13.65   |   0: 0.44   |  0.1E+01  |
 2.79  2.68 | 100.0| 6.93 |   0:17.73   |   0: 0.77   |  0.1E+01  |
 2.68  2.59 | 100.0| 6.80 |   0:23.79   |   0: 1.33   |  0.1E+01  |
 2.59  2.51 | 100.0| 6.83 |   0:32.12   |   0: 2.41   |  0.1E+01  |
 2.51  2.43 | 100.0| 6.87 |   0:43.72   |   0: 4.31   |  0.1E+01  |
 2.43  2.36 | 100.0| 6.68 |   0:59.18   |   0: 7.80   |  0.1E+01  |
 2.36  2.30 | 100.0| 6.79 |   1:16.84   |   0:14.25   |  0.1E+01  |
 2.30  2.24 | 100.0| 6.82 |   1:38.70   |   0:26.41   |  0.1E+01  |
 2.24  2.18 | 100.0| 6.84 |   2:16.08   |   0:52.37   |  0.1E+01  |
 2.18  2.13 | 100.0| 6.67 |   3:19.48   |   1:48.48   |  0.1E+01  |
 2.13  2.08 | 100.0| 6.82 |   4:51.03   |   3:20.03   |  0.1E+01  |
 2.08  2.06 | 100.0| 6.76 |   6:32.29   |   4:51.58   |  0.1E+01  |
 ------------------------------------------------------------------
<B><FONT COLOR="#FF0000"><!--SUMMARY_BEGIN-->

                  *** Attention! ***
Number of overloaded reflections exceeds 5%

        Plan of data collection for low resolution 
        ========================================== 

           Attenuation = 1.0000
------------------------------------------------------------------
 N| Phi_start| N.of.images| Rot.width| Exposure|Distance| Overlap|
-------------------------------------------------------------------
 1   171.00        15          1.00        0.08   401.8       No 
 2   186.00        10          1.10        0.08   401.8       No 
 3   197.00         8          1.20        0.07   401.8       No 
 4   206.60         4          1.35        0.06   401.8       No 
 5   212.00         7          1.45        0.06   401.8       No 
 6   222.15        17          1.75        0.05   401.8       No 
 7   251.90        14          2.00        0.04   401.8       No 
 8   279.90        14          1.50        0.05   401.8       No 
 9   300.90         3          1.45        0.06   401.8       No 
10   305.25         4          1.35        0.06   401.8       No 
11   310.65         4          1.25        0.07   401.8       No 
12   315.65         9          1.10        0.07   401.8       No 
13   325.55        46          1.00        0.08   401.8       No 
14   371.55         9          1.15        0.07   401.8       No 
15   381.90         4          1.25        0.07   401.8       No 
16   386.90         4          1.35        0.06   401.8       No 
17   392.30         6          1.45        0.06   401.8       No 
18   401.00        18          1.75        0.05   401.8       No 
19   432.50        14          2.00        0.04   401.8       No 
20   460.50        13          1.50        0.05   401.8       No 
21   480.00         4          1.45        0.06   401.8       No 
22   485.80         4          1.35        0.06   401.8       No 
-------------------------------------------------------------------

 Resolution limit            : 2.90 Angstrom
 Anomalous data              : No
 Phi_start - Phi_finish      : 171.00 - 491.20
 Total rotation range        : 320.20 degree
 Total N.of images           : 231
 Overal Completeness         : 100.0%
 Redundancy                  : 6.84
 R-factor (outer shell)      : 8.9% (  65.9%)
 I/Sigma (outer shell)       : 25.7 (   3.6)
 Total Exposure time         : 14.4 sec (0.004 hour)
 Total Data Collection time  : 591.9 sec (0.164 hour)
<!--SUMMARY_END--></FONT></B>

           Data collection statistics according to the plan
           ================================================
-----------------------------------------------------------------
 Resolution  Compl.       Average     I/Sigma   R-fact  Overload
Lower Upper     %   Intensity  Sigma               %        %
-----------------------------------------------------------------
12.00  7.65   100.0    5738.1    73.0   78.6     2.4     0.00
 7.65  6.06   100.0    2429.6    41.5   58.6     3.5     0.00
 6.06  5.17   100.0    2059.1    41.5   49.6     4.3     0.00
 5.17  4.59   100.0    2452.7    48.8   50.2     4.3     0.00
 4.59  4.16   100.0    2273.8    52.8   43.0     5.2     0.00
 4.16  3.84   100.0    1600.2    53.1   30.1     7.6     0.00
 3.84  3.58   100.0    1158.4    57.1   20.3    11.4     0.00
 3.58  3.37   100.0     744.1    56.8   13.1    17.8     0.00
 3.37  3.19   100.0     496.1    57.2    8.7    27.3     0.00
 3.19  3.04   100.0     326.8    56.1    5.8    41.0     0.00
 3.04  2.90   100.0     204.2    52.9    3.9    60.8     0.00
  All data    100.0    1368.1    53.3   25.7     8.9     0.00
-----------------------------------------------------------------
R-fact = SUM (ABS(I - <I>)) / SUM (I)                              



                         INPUT
                         =====
Initial images
 Detector                         : q315-2x
 Wavelength                       : 1.072 Angstrom
 Exposure time                    : 1.00 sec
 Read-outs                        : 1
 Resolution limit                 : 1.96 Angstrom
 Input from                       : MOSFLM

Radiation damage parameters
 not given

Task parameters
 Task                             : Optimize data collection
 Target Ratio I/Sigma             : 3.0
 Optimization option              : dose is minimal
 Anisotropy correction level      : full
 Total rotation range selection   : according to given redundancy
 Anomalous data                   : No
 Target Completeness              : 0.990
 Target redundancy                : 2.00
 Time limit                       : not given
 Resolution limit                 : auto highest

Hardware limitations
 Minimum rotation range per frame : 0.05 degree
 Maximum scan speed               : 360.000 degree/sec
 Minimum exposure time per frame  : 0.000 sec

Crystal
 Space Group                      : P 1 2 1   
 Cell                             :  45.41 176.00  85.59  90.00  91.26  90.00
 Mosaicity                        : 0.46 degree
